# JRE version: OpenJDK Runtime Environment Temurin-17.0.8.1+1 (17.0.8.1+1) (build 17.0.8.1+1)
# Java VM: OpenJDK 64-Bit Server VM Temurin-17.0.8.1+1 (17.0.8.1+1, mixed mode, tiered, compressed oops, compressed class ptrs, parallel gc, linux-amd64)
GC Precious Log:
 CPUs: 16 total, 16 available
 Memory: 15362M
 Large Page Support: Disabled
 NUMA Support: Disabled
 Compressed Oops: Enabled (32-bit)
 Alignments: Space 512K, Generation 512K, Heap 2M
 Heap Min Capacity: 100M
 Heap Initial Capacity: 100M
 Heap Max Capacity: 1G
 Pre-touch: Disabled
 Parallel Workers: 13
Heap:
 PSYoungGen      total 17408K, used 11383K [0x00000000eab00000, 0x00000000ec600000, 0x0000000100000000)
  eden space 11776K, 53% used [0x00000000eab00000,0x00000000eb11d068,0x00000000eb680000)
  from space 5632K, 90% used [0x00000000ec080000,0x00000000ec580e30,0x00000000ec600000)
  to   space 6656K, 0% used [0x00000000eb900000,0x00000000eb900000,0x00000000ebf80000)
 ParOldGen       total 136704K, used 116921K [0x00000000c0000000, 0x00000000c8580000, 0x00000000eab00000)
  object space 136704K, 85% used [0x00000000c0000000,0x00000000c722e530,0x00000000c8580000)
 Metaspace       used 96807K, committed 98176K, reserved 1179648K
  class space    used 9481K, committed 10048K, reserved 1048576K
GC Heap History (20 events):
Event: 1375.864 GC heap before
{Heap before GC invocations=1865 (full 107):
 PSYoungGen      total 16384K, used 16085K [0x00000000eab00000, 0x00000000ec680000, 0x0000000100000000)
  eden space 12288K, 100% used [0x00000000eab00000,0x00000000eb700000,0x00000000eb700000)
  from space 4096K, 92% used [0x00000000eb700000,0x00000000ebab5758,0x00000000ebb00000)
  to   space 6656K, 0% used [0x00000000ec000000,0x00000000ec000000,0x00000000ec680000)
 ParOldGen       total 136704K, used 105821K [0x00000000c0000000, 0x00000000c8580000, 0x00000000eab00000)
  object space 136704K, 77% used [0x00000000c0000000,0x00000000c6757400,0x00000000c8580000)
 Metaspace       used 96782K, committed 98176K, reserved 1179648K
  class space    used 9480K, committed 10048K, reserved 1048576K
}
Event: 1375.870 GC heap after
{Heap after GC invocations=1865 (full 107):
 PSYoungGen      total 18432K, used 5880K [0x00000000eab00000, 0x00000000ec600000, 0x0000000100000000)
  eden space 12288K, 0% used [0x00000000eab00000,0x00000000eab00000,0x00000000eb700000)
  from space 6144K, 95% used [0x00000000ec000000,0x00000000ec5be030,0x00000000ec600000)
  to   space 6656K, 0% used [0x00000000eb900000,0x00000000eb900000,0x00000000ebf80000)
 ParOldGen       total 136704K, used 105909K [0x00000000c0000000, 0x00000000c8580000, 0x00000000eab00000)
  object space 136704K, 77% used [0x00000000c0000000,0x00000000c676d400,0x00000000c8580000)
 Metaspace       used 96782K, committed 98176K, reserved 1179648K
  class space    used 9480K, committed 10048K, reserved 1048576K
}
Event: 1375.901 GC heap before
{Heap before GC invocations=1866 (full 107):
 PSYoungGen      total 18432K, used 18168K [0x00000000eab00000, 0x00000000ec600000, 0x0000000100000000)
  eden space 12288K, 100% used [0x00000000eab00000,0x00000000eb700000,0x00000000eb700000)
  from space 6144K, 95% used [0x00000000ec000000,0x00000000ec5be030,0x00000000ec600000)
  to   space 6656K, 0% used [0x00000000eb900000,0x00000000eb900000,0x00000000ebf80000)
 ParOldGen       total 136704K, used 105909K [0x00000000c0000000, 0x00000000c8580000, 0x00000000eab00000)
  object space 136704K, 77% used [0x00000000c0000000,0x00000000c676d400,0x00000000c8580000)
 Metaspace       used 96782K, committed 98176K, reserved 1179648K
  class space    used 9480K, committed 10048K, reserved 1048576K
}
Event: 1375.907 GC heap after
{Heap after GC invocations=1866 (full 107):
 PSYoungGen      total 16896K, used 4195K [0x00000000eab00000, 0x00000000ec100000, 0x0000000100000000)
  eden space 12288K, 0% used [0x00000000eab00000,0x00000000eab00000,0x00000000eb700000)
  from space 4608K, 91% used [0x00000000eb900000,0x00000000ebd18e30,0x00000000ebd80000)
  to   space 3584K, 0% used [0x00000000ebd80000,0x00000000ebd80000,0x00000000ec100000)
 ParOldGen       total 136704K, used 106201K [0x00000000c0000000, 0x00000000c8580000, 0x00000000eab00000)
  object space 136704K, 77% used [0x00000000c0000000,0x00000000c67b6620,0x00000000c8580000)
 Metaspace       used 96782K, committed 98176K, reserved 1179648K
  class space    used 9480K, committed 10048K, reserved 1048576K
}
Event: 1375.922 GC heap before
{Heap before GC invocations=1867 (full 107):
 PSYoungGen      total 16896K, used 16436K [0x00000000eab00000, 0x00000000ec100000, 0x0000000100000000)
  eden space 12288K, 99% used [0x00000000eab00000,0x00000000eb6f4500,0x00000000eb700000)
  from space 4608K, 91% used [0x00000000eb900000,0x00000000ebd18e30,0x00000000ebd80000)
  to   space 3584K, 0% used [0x00000000ebd80000,0x00000000ebd80000,0x00000000ec100000)
 ParOldGen       total 136704K, used 106201K [0x00000000c0000000, 0x00000000c8580000, 0x00000000eab00000)
  object space 136704K, 77% used [0x00000000c0000000,0x00000000c67b6620,0x00000000c8580000)
 Metaspace       used 96782K, committed 98176K, reserved 1179648K
  class space    used 9480K, committed 10048K, reserved 1048576K
}
Event: 1375.926 GC heap after
{Heap after GC invocations=1867 (full 107):
 PSYoungGen      total 14848K, used 2365K [0x00000000eab00000, 0x00000000ec000000, 0x0000000100000000)
  eden space 12288K, 0% used [0x00000000eab00000,0x00000000eab00000,0x00000000eb700000)
  from space 2560K, 92% used [0x00000000ebd80000,0x00000000ebfcf680,0x00000000ec000000)
  to   space 3584K, 0% used [0x00000000eb900000,0x00000000eb900000,0x00000000ebc80000)
 ParOldGen       total 136704K, used 106201K [0x00000000c0000000, 0x00000000c8580000, 0x00000000eab00000)
  object space 136704K, 77% used [0x00000000c0000000,0x00000000c67b6620,0x00000000c8580000)
 Metaspace       used 96782K, committed 98176K, reserved 1179648K
  class space    used 9480K, committed 10048K, reserved 1048576K
}
Event: 1376.261 GC heap before
{Heap before GC invocations=1868 (full 107):
 PSYoungGen      total 14848K, used 14653K [0x00000000eab00000, 0x00000000ec000000, 0x0000000100000000)
  eden space 12288K, 100% used [0x00000000eab00000,0x00000000eb700000,0x00000000eb700000)
  from space 2560K, 92% used [0x00000000ebd80000,0x00000000ebfcf680,0x00000000ec000000)
  to   space 3584K, 0% used [0x00000000eb900000,0x00000000eb900000,0x00000000ebc80000)
 ParOldGen       total 136704K, used 106201K [0x00000000c0000000, 0x00000000c8580000, 0x00000000eab00000)
  object space 136704K, 77% used [0x00000000c0000000,0x00000000c67b6620,0x00000000c8580000)
 Metaspace       used 96797K, committed 98176K, reserved 1179648K
  class space    used 9480K, committed 10048K, reserved 1048576K
}
Event: 1376.263 GC heap after
{Heap after GC invocations=1868 (full 107):
 PSYoungGen      total 15872K, used 660K [0x00000000eab00000, 0x00000000ebe00000, 0x0000000100000000)
  eden space 12288K, 0% used [0x00000000eab00000,0x00000000eab00000,0x00000000eb700000)
  from space 3584K, 18% used [0x00000000eb900000,0x00000000eb9a5200,0x00000000ebc80000)
  to   space 1536K, 0% used [0x00000000ebc80000,0x00000000ebc80000,0x00000000ebe00000)
 ParOldGen       total 136704K, used 106257K [0x00000000c0000000, 0x00000000c8580000, 0x00000000eab00000)
  object space 136704K, 77% used [0x00000000c0000000,0x00000000c67c4620,0x00000000c8580000)
 Metaspace       used 96797K, committed 98176K, reserved 1179648K
  class space    used 9480K, committed 10048K, reserved 1048576K
}
Event: 1377.734 GC heap before
{Heap before GC invocations=1869 (full 107):
 PSYoungGen      total 15872K, used 12948K [0x00000000eab00000, 0x00000000ebe00000, 0x0000000100000000)
  eden space 12288K, 100% used [0x00000000eab00000,0x00000000eb700000,0x00000000eb700000)
  from space 3584K, 18% used [0x00000000eb900000,0x00000000eb9a5200,0x00000000ebc80000)
  to   space 1536K, 0% used [0x00000000ebc80000,0x00000000ebc80000,0x00000000ebe00000)
 ParOldGen       total 136704K, used 106257K [0x00000000c0000000, 0x00000000c8580000, 0x00000000eab00000)
  object space 136704K, 77% used [0x00000000c0000000,0x00000000c67c4620,0x00000000c8580000)
 Metaspace       used 96807K, committed 98176K, reserved 1179648K
  class space    used 9481K, committed 10048K, reserved 1048576K
}
Event: 1377.740 GC heap after
{Heap after GC invocations=1869 (full 107):
 PSYoungGen      total 13312K, used 1517K [0x00000000eab00000, 0x00000000ec300000, 0x0000000100000000)
  eden space 11776K, 0% used [0x00000000eab00000,0x00000000eab00000,0x00000000eb680000)
  from space 1536K, 98% used [0x00000000ebc80000,0x00000000ebdfb740,0x00000000ebe00000)
  to   space 6144K, 0% used [0x00000000eb680000,0x00000000eb680000,0x00000000ebc80000)
 ParOldGen       total 136704K, used 109648K [0x00000000c0000000, 0x00000000c8580000, 0x00000000eab00000)
  object space 136704K, 80% used [0x00000000c0000000,0x00000000c6b14120,0x00000000c8580000)
 Metaspace       used 96807K, committed 98176K, reserved 1179648K
  class space    used 9481K, committed 10048K, reserved 1048576K
}
Event: 1377.770 GC heap before
{Heap before GC invocations=1870 (full 107):
 PSYoungGen      total 13312K, used 13293K [0x00000000eab00000, 0x00000000ec300000, 0x0000000100000000)
  eden space 11776K, 100% used [0x00000000eab00000,0x00000000eb680000,0x00000000eb680000)
  from space 1536K, 98% used [0x00000000ebc80000,0x00000000ebdfb740,0x00000000ebe00000)
  to   space 6144K, 0% used [0x00000000eb680000,0x00000000eb680000,0x00000000ebc80000)
 ParOldGen       total 136704K, used 109648K [0x00000000c0000000, 0x00000000c8580000, 0x00000000eab00000)
  object space 136704K, 80% used [0x00000000c0000000,0x00000000c6b14120,0x00000000c8580000)
 Metaspace       used 96807K, committed 98176K, reserved 1179648K
  class space    used 9481K, committed 10048K, reserved 1048576K
}
Event: 1377.774 GC heap after
{Heap after GC invocations=1870 (full 107):
 PSYoungGen      total 14848K, used 2627K [0x00000000eab00000, 0x00000000ebd80000, 0x0000000100000000)
  eden space 11776K, 0% used [0x00000000eab00000,0x00000000eab00000,0x00000000eb680000)
  from space 3072K, 85% used [0x00000000eb680000,0x00000000eb910e30,0x00000000eb980000)
  to   space 3584K, 0% used [0x00000000eba00000,0x00000000eba00000,0x00000000ebd80000)
 ParOldGen       total 136704K, used 109970K [0x00000000c0000000, 0x00000000c8580000, 0x00000000eab00000)
  object space 136704K, 80% used [0x00000000c0000000,0x00000000c6b64a40,0x00000000c8580000)
 Metaspace       used 96807K, committed 98176K, reserved 1179648K
  class space    used 9481K, committed 10048K, reserved 1048576K
}
Event: 1377.789 GC heap before
{Heap before GC invocations=1871 (full 107):
 PSYoungGen      total 14848K, used 14403K [0x00000000eab00000, 0x00000000ebd80000, 0x0000000100000000)
  eden space 11776K, 100% used [0x00000000eab00000,0x00000000eb680000,0x00000000eb680000)
  from space 3072K, 85% used [0x00000000eb680000,0x00000000eb910e30,0x00000000eb980000)
  to   space 3584K, 0% used [0x00000000eba00000,0x00000000eba00000,0x00000000ebd80000)
 ParOldGen       total 136704K, used 109970K [0x00000000c0000000, 0x00000000c8580000, 0x00000000eab00000)
  object space 136704K, 80% used [0x00000000c0000000,0x00000000c6b64a40,0x00000000c8580000)
 Metaspace       used 96807K, committed 98176K, reserved 1179648K
  class space    used 9481K, committed 10048K, reserved 1048576K
}
Event: 1377.790 GC heap after
{Heap after GC invocations=1871 (full 107):
 PSYoungGen      total 12288K, used 314K [0x00000000eab00000, 0x00000000eba80000, 0x0000000100000000)
  eden space 11776K, 0% used [0x00000000eab00000,0x00000000eab00000,0x00000000eb680000)
  from space 512K, 61% used [0x00000000eba00000,0x00000000eba4e900,0x00000000eba80000)
  to   space 1536K, 0% used [0x00000000eb780000,0x00000000eb780000,0x00000000eb900000)
 ParOldGen       total 136704K, used 109970K [0x00000000c0000000, 0x00000000c8580000, 0x00000000eab00000)
  object space 136704K, 80% used [0x00000000c0000000,0x00000000c6b64a40,0x00000000c8580000)
 Metaspace       used 96807K, committed 98176K, reserved 1179648K
  class space    used 9481K, committed 10048K, reserved 1048576K
}
Event: 1379.706 GC heap before
{Heap before GC invocations=1872 (full 107):
 PSYoungGen      total 12288K, used 12090K [0x00000000eab00000, 0x00000000eba80000, 0x0000000100000000)
  eden space 11776K, 100% used [0x00000000eab00000,0x00000000eb680000,0x00000000eb680000)
  from space 512K, 61% used [0x00000000eba00000,0x00000000eba4e900,0x00000000eba80000)
  to   space 1536K, 0% used [0x00000000eb780000,0x00000000eb780000,0x00000000eb900000)
 ParOldGen       total 136704K, used 109970K [0x00000000c0000000, 0x00000000c8580000, 0x00000000eab00000)
  object space 136704K, 80% used [0x00000000c0000000,0x00000000c6b64a40,0x00000000c8580000)
 Metaspace       used 96807K, committed 98176K, reserved 1179648K
  class space    used 9481K, committed 10048K, reserved 1048576K
}
Event: 1379.707 GC heap after
{Heap after GC invocations=1872 (full 107):
 PSYoungGen      total 13312K, used 1076K [0x00000000eab00000, 0x00000000eba80000, 0x0000000100000000)
  eden space 11776K, 0% used [0x00000000eab00000,0x00000000eab00000,0x00000000eb680000)
  from space 1536K, 70% used [0x00000000eb780000,0x00000000eb88d200,0x00000000eb900000)
  to   space 1536K, 0% used [0x00000000eb900000,0x00000000eb900000,0x00000000eba80000)
 ParOldGen       total 136704K, used 109986K [0x00000000c0000000, 0x00000000c8580000, 0x00000000eab00000)
  object space 136704K, 80% used [0x00000000c0000000,0x00000000c6b68a40,0x00000000c8580000)
 Metaspace       used 96807K, committed 98176K, reserved 1179648K
  class space    used 9481K, committed 10048K, reserved 1048576K
}
Event: 1380.420 GC heap before
{Heap before GC invocations=1873 (full 107):
 PSYoungGen      total 13312K, used 12852K [0x00000000eab00000, 0x00000000eba80000, 0x0000000100000000)
  eden space 11776K, 99% used [0x00000000eab00000,0x00000000eb67fff0,0x00000000eb680000)
  from space 1536K, 70% used [0x00000000eb780000,0x00000000eb88d200,0x00000000eb900000)
  to   space 1536K, 0% used [0x00000000eb900000,0x00000000eb900000,0x00000000eba80000)
 ParOldGen       total 136704K, used 109986K [0x00000000c0000000, 0x00000000c8580000, 0x00000000eab00000)
  object space 136704K, 80% used [0x00000000c0000000,0x00000000c6b68a40,0x00000000c8580000)
 Metaspace       used 96807K, committed 98176K, reserved 1179648K
  class space    used 9481K, committed 10048K, reserved 1048576K
}
Event: 1380.422 GC heap after
{Heap after GC invocations=1873 (full 107):
 PSYoungGen      total 13312K, used 1514K [0x00000000eab00000, 0x00000000ebb80000, 0x0000000100000000)
  eden space 11776K, 0% used [0x00000000eab00000,0x00000000eab00000,0x00000000eb680000)
  from space 1536K, 98% used [0x00000000eb900000,0x00000000eba7a910,0x00000000eba80000)
  to   space 2560K, 0% used [0x00000000eb680000,0x00000000eb680000,0x00000000eb900000)
 ParOldGen       total 136704K, used 110359K [0x00000000c0000000, 0x00000000c8580000, 0x00000000eab00000)
  object space 136704K, 80% used [0x00000000c0000000,0x00000000c6bc5c40,0x00000000c8580000)
 Metaspace       used 96807K, committed 98176K, reserved 1179648K
  class space    used 9481K, committed 10048K, reserved 1048576K
}
Event: 1381.432 GC heap before
{Heap before GC invocations=1874 (full 107):
 PSYoungGen      total 13312K, used 13290K [0x00000000eab00000, 0x00000000ebb80000, 0x0000000100000000)
  eden space 11776K, 100% used [0x00000000eab00000,0x00000000eb680000,0x00000000eb680000)
  from space 1536K, 98% used [0x00000000eb900000,0x00000000eba7a910,0x00000000eba80000)
  to   space 2560K, 0% used [0x00000000eb680000,0x00000000eb680000,0x00000000eb900000)
 ParOldGen       total 136704K, used 110359K [0x00000000c0000000, 0x00000000c8580000, 0x00000000eab00000)
  object space 136704K, 80% used [0x00000000c0000000,0x00000000c6bc5c40,0x00000000c8580000)
 Metaspace       used 96807K, committed 98176K, reserved 1179648K
  class space    used 9481K, committed 10048K, reserved 1048576K
}
Event: 1381.439 GC heap after
{Heap after GC invocations=1874 (full 107):
 PSYoungGen      total 14336K, used 2536K [0x00000000eab00000, 0x00000000eca80000, 0x0000000100000000)
  eden space 11776K, 0% used [0x00000000eab00000,0x00000000eab00000,0x00000000eb680000)
  from space 2560K, 99% used [0x00000000eb680000,0x00000000eb8fa040,0x00000000eb900000)
  to   space 10240K, 0% used [0x00000000ec080000,0x00000000ec080000,0x00000000eca80000)
 ParOldGen       total 136704K, used 116548K [0x00000000c0000000, 0x00000000c8580000, 0x00000000eab00000)
  object space 136704K, 85% used [0x00000000c0000000,0x00000000c71d1310,0x00000000c8580000)
 Metaspace       used 96807K, committed 98176K, reserved 1179648K
  class space    used 9481K, committed 10048K, reserved 1048576K
}

