# JRE version: OpenJDK Runtime Environment Temurin-17.0.7+7 (17.0.7+7) (build 17.0.7+7)
# Java VM: OpenJDK 64-Bit Server VM Temurin-17.0.7+7 (17.0.7+7, mixed mode, tiered, compressed oops, compressed class ptrs, parallel gc, linux-amd64)
GC Precious Log:
 CPUs: 16 total, 16 available
 Memory: 15366M
 Large Page Support: Disabled
 NUMA Support: Disabled
 Compressed Oops: Enabled (32-bit)
 Alignments: Space 512K, Generation 512K, Heap 2M
 Heap Min Capacity: 100M
 Heap Initial Capacity: 100M
 Heap Max Capacity: 1G
 Pre-touch: Disabled
 Parallel Workers: 13
Heap:
 PSYoungGen      total 25088K, used 7456K [0x00000000eab00000, 0x00000000ecb80000, 0x0000000100000000)
  eden space 23552K, 26% used [0x00000000eab00000,0x00000000eb10dc60,0x00000000ec200000)
  from space 1536K, 81% used [0x00000000eca00000,0x00000000ecb3a400,0x00000000ecb80000)
  to   space 2048K, 0% used [0x00000000ec780000,0x00000000ec780000,0x00000000ec980000)
 ParOldGen       total 212480K, used 147797K [0x00000000c0000000, 0x00000000ccf80000, 0x00000000eab00000)
  object space 212480K, 69% used [0x00000000c0000000,0x00000000c9055428,0x00000000ccf80000)
 Metaspace       used 96390K, committed 97536K, reserved 1179648K
  class space    used 9195K, committed 9664K, reserved 1048576K
GC Heap History (20 events):
Event: 4528.020 GC heap before
{Heap before GC invocations=7647 (full 383):
 PSYoungGen      total 14336K, used 14319K [0x00000000eab00000, 0x00000000ec900000, 0x0000000100000000)
  eden space 9216K, 100% used [0x00000000eab00000,0x00000000eb400000,0x00000000eb400000)
  from space 5120K, 99% used [0x00000000eb800000,0x00000000ebcfbd80,0x00000000ebd00000)
  to   space 10752K, 0% used [0x00000000ebe80000,0x00000000ebe80000,0x00000000ec900000)
 ParOldGen       total 210944K, used 193110K [0x00000000c0000000, 0x00000000cce00000, 0x00000000eab00000)
  object space 210944K, 91% used [0x00000000c0000000,0x00000000cbc95bb8,0x00000000cce00000)
 Metaspace       used 96390K, committed 97536K, reserved 1179648K
  class space    used 9195K, committed 9664K, reserved 1048576K
}
Event: 4528.026 GC heap after
{Heap after GC invocations=7647 (full 383):
 PSYoungGen      total 20992K, used 9376K [0x00000000eab00000, 0x00000000ec900000, 0x0000000100000000)
  eden space 10240K, 0% used [0x00000000eab00000,0x00000000eab00000,0x00000000eb500000)
  from space 10752K, 87% used [0x00000000ebe80000,0x00000000ec7a8000,0x00000000ec900000)
  to   space 9728K, 0% used [0x00000000eb500000,0x00000000eb500000,0x00000000ebe80000)
 ParOldGen       total 210944K, used 198286K [0x00000000c0000000, 0x00000000cce00000, 0x00000000eab00000)
  object space 210944K, 93% used [0x00000000c0000000,0x00000000cc1a3938,0x00000000cce00000)
 Metaspace       used 96390K, committed 97536K, reserved 1179648K
  class space    used 9195K, committed 9664K, reserved 1048576K
}
Event: 4528.037 GC heap before
{Heap before GC invocations=7648 (full 383):
 PSYoungGen      total 20992K, used 19616K [0x00000000eab00000, 0x00000000ec900000, 0x0000000100000000)
  eden space 10240K, 100% used [0x00000000eab00000,0x00000000eb500000,0x00000000eb500000)
  from space 10752K, 87% used [0x00000000ebe80000,0x00000000ec7a8000,0x00000000ec900000)
  to   space 9728K, 0% used [0x00000000eb500000,0x00000000eb500000,0x00000000ebe80000)
 ParOldGen       total 210944K, used 198286K [0x00000000c0000000, 0x00000000cce00000, 0x00000000eab00000)
  object space 210944K, 93% used [0x00000000c0000000,0x00000000cc1a3938,0x00000000cce00000)
 Metaspace       used 96390K, committed 97536K, reserved 1179648K
  class space    used 9195K, committed 9664K, reserved 1048576K
}
Event: 4528.053 GC heap after
{Heap after GC invocations=7648 (full 383):
 PSYoungGen      total 19968K, used 8810K [0x00000000eab00000, 0x00000000ec900000, 0x0000000100000000)
  eden space 10240K, 0% used [0x00000000eab00000,0x00000000eab00000,0x00000000eb500000)
  from space 9728K, 90% used [0x00000000eb500000,0x00000000ebd9a840,0x00000000ebe80000)
  to   space 9216K, 0% used [0x00000000ec000000,0x00000000ec000000,0x00000000ec900000)
 ParOldGen       total 210944K, used 207582K [0x00000000c0000000, 0x00000000cce00000, 0x00000000eab00000)
  object space 210944K, 98% used [0x00000000c0000000,0x00000000ccab7938,0x00000000cce00000)
 Metaspace       used 96390K, committed 97536K, reserved 1179648K
  class space    used 9195K, committed 9664K, reserved 1048576K
}
Event: 4528.053 GC heap before
{Heap before GC invocations=7649 (full 384):
 PSYoungGen      total 19968K, used 8810K [0x00000000eab00000, 0x00000000ec900000, 0x0000000100000000)
  eden space 10240K, 0% used [0x00000000eab00000,0x00000000eab00000,0x00000000eb500000)
  from space 9728K, 90% used [0x00000000eb500000,0x00000000ebd9a840,0x00000000ebe80000)
  to   space 9216K, 0% used [0x00000000ec000000,0x00000000ec000000,0x00000000ec900000)
 ParOldGen       total 210944K, used 207582K [0x00000000c0000000, 0x00000000cce00000, 0x00000000eab00000)
  object space 210944K, 98% used [0x00000000c0000000,0x00000000ccab7938,0x00000000cce00000)
 Metaspace       used 96390K, committed 97536K, reserved 1179648K
  class space    used 9195K, committed 9664K, reserved 1048576K
}
Event: 4528.130 GC heap after
{Heap after GC invocations=7649 (full 384):
 PSYoungGen      total 21504K, used 0K [0x00000000eab00000, 0x00000000ec900000, 0x0000000100000000)
  eden space 12288K, 0% used [0x00000000eab00000,0x00000000eab00000,0x00000000eb700000)
  from space 9216K, 0% used [0x00000000ec000000,0x00000000ec000000,0x00000000ec900000)
  to   space 9216K, 0% used [0x00000000eb700000,0x00000000eb700000,0x00000000ec000000)
 ParOldGen       total 212480K, used 123123K [0x00000000c0000000, 0x00000000ccf80000, 0x00000000eab00000)
  object space 212480K, 57% used [0x00000000c0000000,0x00000000c783cc38,0x00000000ccf80000)
 Metaspace       used 96390K, committed 97536K, reserved 1179648K
  class space    used 9195K, committed 9664K, reserved 1048576K
}
Event: 4528.419 GC heap before
{Heap before GC invocations=7650 (full 384):
 PSYoungGen      total 21504K, used 11817K [0x00000000eab00000, 0x00000000ec900000, 0x0000000100000000)
  eden space 12288K, 96% used [0x00000000eab00000,0x00000000eb68a7f0,0x00000000eb700000)
  from space 9216K, 0% used [0x00000000ec000000,0x00000000ec000000,0x00000000ec900000)
  to   space 9216K, 0% used [0x00000000eb700000,0x00000000eb700000,0x00000000ec000000)
 ParOldGen       total 212480K, used 123123K [0x00000000c0000000, 0x00000000ccf80000, 0x00000000eab00000)
  object space 212480K, 57% used [0x00000000c0000000,0x00000000c783cc38,0x00000000ccf80000)
 Metaspace       used 96390K, committed 97536K, reserved 1179648K
  class space    used 9195K, committed 9664K, reserved 1048576K
}
Event: 4528.421 GC heap after
{Heap after GC invocations=7650 (full 384):
 PSYoungGen      total 13312K, used 832K [0x00000000eab00000, 0x00000000ec180000, 0x0000000100000000)
  eden space 12288K, 0% used [0x00000000eab00000,0x00000000eab00000,0x00000000eb700000)
  from space 1024K, 81% used [0x00000000eb700000,0x00000000eb7d0010,0x00000000eb800000)
  to   space 4096K, 0% used [0x00000000ebd80000,0x00000000ebd80000,0x00000000ec180000)
 ParOldGen       total 212480K, used 123123K [0x00000000c0000000, 0x00000000ccf80000, 0x00000000eab00000)
  object space 212480K, 57% used [0x00000000c0000000,0x00000000c783cc38,0x00000000ccf80000)
 Metaspace       used 96390K, committed 97536K, reserved 1179648K
  class space    used 9195K, committed 9664K, reserved 1048576K
}
Event: 4532.441 GC heap before
{Heap before GC invocations=7651 (full 384):
 PSYoungGen      total 13312K, used 13120K [0x00000000eab00000, 0x00000000ec180000, 0x0000000100000000)
  eden space 12288K, 100% used [0x00000000eab00000,0x00000000eb700000,0x00000000eb700000)
  from space 1024K, 81% used [0x00000000eb700000,0x00000000eb7d0010,0x00000000eb800000)
  to   space 4096K, 0% used [0x00000000ebd80000,0x00000000ebd80000,0x00000000ec180000)
 ParOldGen       total 212480K, used 123123K [0x00000000c0000000, 0x00000000ccf80000, 0x00000000eab00000)
  object space 212480K, 57% used [0x00000000c0000000,0x00000000c783cc38,0x00000000ccf80000)
 Metaspace       used 96390K, committed 97536K, reserved 1179648K
  class space    used 9195K, committed 9664K, reserved 1048576K
}
Event: 4532.443 GC heap after
{Heap after GC invocations=7651 (full 384):
 PSYoungGen      total 17408K, used 2456K [0x00000000eab00000, 0x00000000ec000000, 0x0000000100000000)
  eden space 14848K, 0% used [0x00000000eab00000,0x00000000eab00000,0x00000000eb980000)
  from space 2560K, 95% used [0x00000000ebd80000,0x00000000ebfe6180,0x00000000ec000000)
  to   space 3072K, 0% used [0x00000000eba00000,0x00000000eba00000,0x00000000ebd00000)
 ParOldGen       total 212480K, used 123791K [0x00000000c0000000, 0x00000000ccf80000, 0x00000000eab00000)
  object space 212480K, 58% used [0x00000000c0000000,0x00000000c78e3ca0,0x00000000ccf80000)
 Metaspace       used 96390K, committed 97536K, reserved 1179648K
  class space    used 9195K, committed 9664K, reserved 1048576K
}
Event: 4532.465 GC heap before
{Heap before GC invocations=7652 (full 384):
 PSYoungGen      total 17408K, used 17304K [0x00000000eab00000, 0x00000000ec000000, 0x0000000100000000)
  eden space 14848K, 100% used [0x00000000eab00000,0x00000000eb980000,0x00000000eb980000)
  from space 2560K, 95% used [0x00000000ebd80000,0x00000000ebfe6180,0x00000000ec000000)
  to   space 3072K, 0% used [0x00000000eba00000,0x00000000eba00000,0x00000000ebd00000)
 ParOldGen       total 212480K, used 123791K [0x00000000c0000000, 0x00000000ccf80000, 0x00000000eab00000)
  object space 212480K, 58% used [0x00000000c0000000,0x00000000c78e3ca0,0x00000000ccf80000)
 Metaspace       used 96390K, committed 97536K, reserved 1179648K
  class space    used 9195K, committed 9664K, reserved 1048576K
}
Event: 4532.471 GC heap after
{Heap after GC invocations=7652 (full 384):
 PSYoungGen      total 18432K, used 3061K [0x00000000eab00000, 0x00000000eda80000, 0x0000000100000000)
  eden space 15360K, 0% used [0x00000000eab00000,0x00000000eab00000,0x00000000eba00000)
  from space 3072K, 99% used [0x00000000eba00000,0x00000000ebcfd7a8,0x00000000ebd00000)
  to   space 15360K, 0% used [0x00000000ecb80000,0x00000000ecb80000,0x00000000eda80000)
 ParOldGen       total 212480K, used 133873K [0x00000000c0000000, 0x00000000ccf80000, 0x00000000eab00000)
  object space 212480K, 63% used [0x00000000c0000000,0x00000000c82bc518,0x00000000ccf80000)
 Metaspace       used 96390K, committed 97536K, reserved 1179648K
  class space    used 9195K, committed 9664K, reserved 1048576K
}
Event: 4532.491 GC heap before
{Heap before GC invocations=7653 (full 384):
 PSYoungGen      total 18432K, used 18421K [0x00000000eab00000, 0x00000000eda80000, 0x0000000100000000)
  eden space 15360K, 100% used [0x00000000eab00000,0x00000000eba00000,0x00000000eba00000)
  from space 3072K, 99% used [0x00000000eba00000,0x00000000ebcfd7a8,0x00000000ebd00000)
  to   space 15360K, 0% used [0x00000000ecb80000,0x00000000ecb80000,0x00000000eda80000)
 ParOldGen       total 212480K, used 133873K [0x00000000c0000000, 0x00000000ccf80000, 0x00000000eab00000)
  object space 212480K, 63% used [0x00000000c0000000,0x00000000c82bc518,0x00000000ccf80000)
 Metaspace       used 96390K, committed 97536K, reserved 1179648K
  class space    used 9195K, committed 9664K, reserved 1048576K
}
Event: 4532.500 GC heap after
{Heap after GC invocations=7653 (full 384):
 PSYoungGen      total 32256K, used 13546K [0x00000000eab00000, 0x00000000ed900000, 0x0000000100000000)
  eden space 18432K, 0% used [0x00000000eab00000,0x00000000eab00000,0x00000000ebd00000)
  from space 13824K, 97% used [0x00000000ecb80000,0x00000000ed8bab00,0x00000000ed900000)
  to   space 14336K, 0% used [0x00000000ebd00000,0x00000000ebd00000,0x00000000ecb00000)
 ParOldGen       total 212480K, used 136954K [0x00000000c0000000, 0x00000000ccf80000, 0x00000000eab00000)
  object space 212480K, 64% used [0x00000000c0000000,0x00000000c85beaf8,0x00000000ccf80000)
 Metaspace       used 96390K, committed 97536K, reserved 1179648K
  class space    used 9195K, committed 9664K, reserved 1048576K
}
Event: 4532.512 GC heap before
{Heap before GC invocations=7654 (full 384):
 PSYoungGen      total 32256K, used 31978K [0x00000000eab00000, 0x00000000ed900000, 0x0000000100000000)
  eden space 18432K, 100% used [0x00000000eab00000,0x00000000ebd00000,0x00000000ebd00000)
  from space 13824K, 97% used [0x00000000ecb80000,0x00000000ed8bab00,0x00000000ed900000)
  to   space 14336K, 0% used [0x00000000ebd00000,0x00000000ebd00000,0x00000000ecb00000)
 ParOldGen       total 212480K, used 136954K [0x00000000c0000000, 0x00000000ccf80000, 0x00000000eab00000)
  object space 212480K, 64% used [0x00000000c0000000,0x00000000c85beaf8,0x00000000ccf80000)
 Metaspace       used 96390K, committed 97536K, reserved 1179648K
  class space    used 9195K, committed 9664K, reserved 1048576K
}
Event: 4532.524 GC heap after
{Heap after GC invocations=7654 (full 384):
 PSYoungGen      total 32768K, used 12239K [0x00000000eab00000, 0x00000000eda00000, 0x0000000100000000)
  eden space 18432K, 0% used [0x00000000eab00000,0x00000000eab00000,0x00000000ebd00000)
  from space 14336K, 85% used [0x00000000ebd00000,0x00000000ec8f3d90,0x00000000ecb00000)
  to   space 12800K, 0% used [0x00000000ecd80000,0x00000000ecd80000,0x00000000eda00000)
 ParOldGen       total 212480K, used 144131K [0x00000000c0000000, 0x00000000ccf80000, 0x00000000eab00000)
  object space 212480K, 67% used [0x00000000c0000000,0x00000000c8cc0f08,0x00000000ccf80000)
 Metaspace       used 96390K, committed 97536K, reserved 1179648K
  class space    used 9195K, committed 9664K, reserved 1048576K
}
Event: 4532.543 GC heap before
{Heap before GC invocations=7655 (full 384):
 PSYoungGen      total 32768K, used 30671K [0x00000000eab00000, 0x00000000eda00000, 0x0000000100000000)
  eden space 18432K, 100% used [0x00000000eab00000,0x00000000ebd00000,0x00000000ebd00000)
  from space 14336K, 85% used [0x00000000ebd00000,0x00000000ec8f3d90,0x00000000ecb00000)
  to   space 12800K, 0% used [0x00000000ecd80000,0x00000000ecd80000,0x00000000eda00000)
 ParOldGen       total 212480K, used 144131K [0x00000000c0000000, 0x00000000ccf80000, 0x00000000eab00000)
  object space 212480K, 67% used [0x00000000c0000000,0x00000000c8cc0f08,0x00000000ccf80000)
 Metaspace       used 96390K, committed 97536K, reserved 1179648K
  class space    used 9195K, committed 9664K, reserved 1048576K
}
Event: 4532.547 GC heap after
{Heap after GC invocations=7655 (full 384):
 PSYoungGen      total 30720K, used 8424K [0x00000000eab00000, 0x00000000ed600000, 0x0000000100000000)
  eden space 22016K, 0% used [0x00000000eab00000,0x00000000eab00000,0x00000000ec080000)
  from space 8704K, 96% used [0x00000000ecd80000,0x00000000ed5ba3a8,0x00000000ed600000)
  to   space 10240K, 0% used [0x00000000ec200000,0x00000000ec200000,0x00000000ecc00000)
 ParOldGen       total 212480K, used 147151K [0x00000000c0000000, 0x00000000ccf80000, 0x00000000eab00000)
  object space 212480K, 69% used [0x00000000c0000000,0x00000000c8fb3f90,0x00000000ccf80000)
 Metaspace       used 96390K, committed 97536K, reserved 1179648K
  class space    used 9195K, committed 9664K, reserved 1048576K
}
Event: 4534.003 GC heap before
{Heap before GC invocations=7656 (full 384):
 PSYoungGen      total 30720K, used 30440K [0x00000000eab00000, 0x00000000ed600000, 0x0000000100000000)
  eden space 22016K, 100% used [0x00000000eab00000,0x00000000ec080000,0x00000000ec080000)
  from space 8704K, 96% used [0x00000000ecd80000,0x00000000ed5ba3a8,0x00000000ed600000)
  to   space 10240K, 0% used [0x00000000ec200000,0x00000000ec200000,0x00000000ecc00000)
 ParOldGen       total 212480K, used 147151K [0x00000000c0000000, 0x00000000ccf80000, 0x00000000eab00000)
  object space 212480K, 69% used [0x00000000c0000000,0x00000000c8fb3f90,0x00000000ccf80000)
 Metaspace       used 96390K, committed 97536K, reserved 1179648K
  class space    used 9195K, committed 9664K, reserved 1048576K
}
Event: 4534.006 GC heap after
{Heap after GC invocations=7656 (full 384):
 PSYoungGen      total 24576K, used 777K [0x00000000eab00000, 0x00000000ece00000, 0x0000000100000000)
  eden space 23552K, 0% used [0x00000000eab00000,0x00000000eab00000,0x00000000ec200000)
  from space 1024K, 75% used [0x00000000ec200000,0x00000000ec2c2400,0x00000000ec300000)
  to   space 4096K, 0% used [0x00000000eca00000,0x00000000eca00000,0x00000000ece00000)
 ParOldGen       total 212480K, used 147255K [0x00000000c0000000, 0x00000000ccf80000, 0x00000000eab00000)
  object space 212480K, 69% used [0x00000000c0000000,0x00000000c8fcdf90,0x00000000ccf80000)
 Metaspace       used 96390K, committed 97536K, reserved 1179648K
  class space    used 9195K, committed 9664K, reserved 1048576K
}

