# JRE version: OpenJDK Runtime Environment Temurin-17.0.7+7 (17.0.7+7) (build 17.0.7+7)
# Java VM: OpenJDK 64-Bit Server VM Temurin-17.0.7+7 (17.0.7+7, mixed mode, tiered, compressed oops, compressed class ptrs, parallel gc, linux-amd64)
GC Precious Log:
 CPUs: 16 total, 16 available
 Memory: 15362M
 Large Page Support: Disabled
 NUMA Support: Disabled
 Compressed Oops: Enabled (32-bit)
 Alignments: Space 512K, Generation 512K, Heap 2M
 Heap Min Capacity: 100M
 Heap Initial Capacity: 100M
 Heap Max Capacity: 1G
 Pre-touch: Disabled
 Parallel Workers: 13
Heap:
 PSYoungGen      total 33280K, used 23709K [0x00000000eab00000, 0x00000000edc00000, 0x0000000100000000)
  eden space 30208K, 69% used [0x00000000eab00000,0x00000000ebf8a200,0x00000000ec880000)
  from space 3072K, 87% used [0x00000000ec880000,0x00000000ecb1d230,0x00000000ecb80000)
  to   space 8704K, 0% used [0x00000000ed380000,0x00000000ed380000,0x00000000edc00000)
 ParOldGen       total 192000K, used 147166K [0x00000000c0000000, 0x00000000cbb80000, 0x00000000eab00000)
  object space 192000K, 76% used [0x00000000c0000000,0x00000000c8fb7918,0x00000000cbb80000)
 Metaspace       used 102029K, committed 103232K, reserved 1179648K
  class space    used 9797K, committed 10368K, reserved 1048576K
GC Heap History (20 events):
Event: 14146.963 GC heap before
{Heap before GC invocations=22489 (full 913):
 PSYoungGen      total 27136K, used 27111K [0x00000000eab00000, 0x00000000ee100000, 0x0000000100000000)
  eden space 21504K, 100% used [0x00000000eab00000,0x00000000ec000000,0x00000000ec000000)
  from space 5632K, 99% used [0x00000000ec000000,0x00000000ec579cf8,0x00000000ec580000)
  to   space 16384K, 0% used [0x00000000ed100000,0x00000000ed100000,0x00000000ee100000)
 ParOldGen       total 187392K, used 165334K [0x00000000c0000000, 0x00000000cb700000, 0x00000000eab00000)
  object space 187392K, 88% used [0x00000000c0000000,0x00000000ca175a90,0x00000000cb700000)
 Metaspace       used 101998K, committed 103232K, reserved 1179648K
  class space    used 9789K, committed 10368K, reserved 1048576K
}
Event: 14146.974 GC heap after
{Heap after GC invocations=22489 (full 913):
 PSYoungGen      total 37888K, used 10952K [0x00000000eab00000, 0x00000000edc80000, 0x0000000100000000)
  eden space 26112K, 0% used [0x00000000eab00000,0x00000000eab00000,0x00000000ec480000)
  from space 11776K, 93% used [0x00000000ed100000,0x00000000edbb23e0,0x00000000edc80000)
  to   space 12288K, 0% used [0x00000000ec480000,0x00000000ec480000,0x00000000ed080000)
 ParOldGen       total 187392K, used 170902K [0x00000000c0000000, 0x00000000cb700000, 0x00000000eab00000)
  object space 187392K, 91% used [0x00000000c0000000,0x00000000ca6e5838,0x00000000cb700000)
 Metaspace       used 101998K, committed 103232K, reserved 1179648K
  class space    used 9789K, committed 10368K, reserved 1048576K
}
Event: 14147.011 GC heap before
{Heap before GC invocations=22490 (full 913):
 PSYoungGen      total 37888K, used 37064K [0x00000000eab00000, 0x00000000edc80000, 0x0000000100000000)
  eden space 26112K, 100% used [0x00000000eab00000,0x00000000ec480000,0x00000000ec480000)
  from space 11776K, 93% used [0x00000000ed100000,0x00000000edbb23e0,0x00000000edc80000)
  to   space 12288K, 0% used [0x00000000ec480000,0x00000000ec480000,0x00000000ed080000)
 ParOldGen       total 187392K, used 170902K [0x00000000c0000000, 0x00000000cb700000, 0x00000000eab00000)
  object space 187392K, 91% used [0x00000000c0000000,0x00000000ca6e5838,0x00000000cb700000)
 Metaspace       used 101998K, committed 103232K, reserved 1179648K
  class space    used 9789K, committed 10368K, reserved 1048576K
}
Event: 14147.018 GC heap after
{Heap after GC invocations=22490 (full 913):
 PSYoungGen      total 38400K, used 7251K [0x00000000eab00000, 0x00000000edc00000, 0x0000000100000000)
  eden space 26112K, 0% used [0x00000000eab00000,0x00000000eab00000,0x00000000ec480000)
  from space 12288K, 59% used [0x00000000ec480000,0x00000000ecb94e88,0x00000000ed080000)
  to   space 9216K, 0% used [0x00000000ed300000,0x00000000ed300000,0x00000000edc00000)
 ParOldGen       total 187392K, used 177395K [0x00000000c0000000, 0x00000000cb700000, 0x00000000eab00000)
  object space 187392K, 94% used [0x00000000c0000000,0x00000000cad3ce68,0x00000000cb700000)
 Metaspace       used 101998K, committed 103232K, reserved 1179648K
  class space    used 9789K, committed 10368K, reserved 1048576K
}
Event: 14151.261 GC heap before
{Heap before GC invocations=22491 (full 913):
 PSYoungGen      total 38400K, used 33363K [0x00000000eab00000, 0x00000000edc00000, 0x0000000100000000)
  eden space 26112K, 100% used [0x00000000eab00000,0x00000000ec480000,0x00000000ec480000)
  from space 12288K, 59% used [0x00000000ec480000,0x00000000ecb94e88,0x00000000ed080000)
  to   space 9216K, 0% used [0x00000000ed300000,0x00000000ed300000,0x00000000edc00000)
 ParOldGen       total 187392K, used 177395K [0x00000000c0000000, 0x00000000cb700000, 0x00000000eab00000)
  object space 187392K, 94% used [0x00000000c0000000,0x00000000cad3ce68,0x00000000cb700000)
 Metaspace       used 101998K, committed 103232K, reserved 1179648K
  class space    used 9789K, committed 10368K, reserved 1048576K
}
Event: 14151.268 GC heap after
{Heap after GC invocations=22491 (full 913):
 PSYoungGen      total 32256K, used 846K [0x00000000eab00000, 0x00000000ed400000, 0x0000000100000000)
  eden space 31232K, 0% used [0x00000000eab00000,0x00000000eab00000,0x00000000ec980000)
  from space 1024K, 82% used [0x00000000ed300000,0x00000000ed3d3b00,0x00000000ed400000)
  to   space 3584K, 0% used [0x00000000ecd00000,0x00000000ecd00000,0x00000000ed080000)
 ParOldGen       total 187392K, used 180563K [0x00000000c0000000, 0x00000000cb700000, 0x00000000eab00000)
  object space 187392K, 96% used [0x00000000c0000000,0x00000000cb054e98,0x00000000cb700000)
 Metaspace       used 101998K, committed 103232K, reserved 1179648K
  class space    used 9789K, committed 10368K, reserved 1048576K
}
Event: 14151.556 GC heap before
{Heap before GC invocations=22492 (full 913):
 PSYoungGen      total 32256K, used 32078K [0x00000000eab00000, 0x00000000ed400000, 0x0000000100000000)
  eden space 31232K, 99% used [0x00000000eab00000,0x00000000ec97fff8,0x00000000ec980000)
  from space 1024K, 82% used [0x00000000ed300000,0x00000000ed3d3b00,0x00000000ed400000)
  to   space 3584K, 0% used [0x00000000ecd00000,0x00000000ecd00000,0x00000000ed080000)
 ParOldGen       total 187392K, used 180563K [0x00000000c0000000, 0x00000000cb700000, 0x00000000eab00000)
  object space 187392K, 96% used [0x00000000c0000000,0x00000000cb054e98,0x00000000cb700000)
 Metaspace       used 101998K, committed 103232K, reserved 1179648K
  class space    used 9789K, committed 10368K, reserved 1048576K
}
Event: 14151.563 GC heap after
{Heap after GC invocations=22492 (full 913):
 PSYoungGen      total 34304K, used 3570K [0x00000000eab00000, 0x00000000ee700000, 0x0000000100000000)
  eden space 30720K, 0% used [0x00000000eab00000,0x00000000eab00000,0x00000000ec900000)
  from space 3584K, 99% used [0x00000000ecd00000,0x00000000ed07cb28,0x00000000ed080000)
  to   space 15360K, 0% used [0x00000000ed800000,0x00000000ed800000,0x00000000ee700000)
 ParOldGen       total 190464K, used 189966K [0x00000000c0000000, 0x00000000cba00000, 0x00000000eab00000)
  object space 190464K, 99% used [0x00000000c0000000,0x00000000cb9838e8,0x00000000cba00000)
 Metaspace       used 101998K, committed 103232K, reserved 1179648K
  class space    used 9789K, committed 10368K, reserved 1048576K
}
Event: 14151.563 GC heap before
{Heap before GC invocations=22493 (full 914):
 PSYoungGen      total 34304K, used 3570K [0x00000000eab00000, 0x00000000ee700000, 0x0000000100000000)
  eden space 30720K, 0% used [0x00000000eab00000,0x00000000eab00000,0x00000000ec900000)
  from space 3584K, 99% used [0x00000000ecd00000,0x00000000ed07cb28,0x00000000ed080000)
  to   space 15360K, 0% used [0x00000000ed800000,0x00000000ed800000,0x00000000ee700000)
 ParOldGen       total 190464K, used 189966K [0x00000000c0000000, 0x00000000cba00000, 0x00000000eab00000)
  object space 190464K, 99% used [0x00000000c0000000,0x00000000cb9838e8,0x00000000cba00000)
 Metaspace       used 101998K, committed 103232K, reserved 1179648K
  class space    used 9789K, committed 10368K, reserved 1048576K
}
Event: 14151.663 GC heap after
{Heap after GC invocations=22493 (full 914):
 PSYoungGen      total 46080K, used 0K [0x00000000eab00000, 0x00000000ee700000, 0x0000000100000000)
  eden space 30720K, 0% used [0x00000000eab00000,0x00000000eab00000,0x00000000ec900000)
  from space 15360K, 0% used [0x00000000ed800000,0x00000000ed800000,0x00000000ee700000)
  to   space 15360K, 0% used [0x00000000ec900000,0x00000000ec900000,0x00000000ed800000)
 ParOldGen       total 192000K, used 121387K [0x00000000c0000000, 0x00000000cbb80000, 0x00000000eab00000)
  object space 192000K, 63% used [0x00000000c0000000,0x00000000c768ac88,0x00000000cbb80000)
 Metaspace       used 101998K, committed 103232K, reserved 1179648K
  class space    used 9789K, committed 10368K, reserved 1048576K
}
Event: 14151.690 GC heap before
{Heap before GC invocations=22494 (full 914):
 PSYoungGen      total 46080K, used 30623K [0x00000000eab00000, 0x00000000ee700000, 0x0000000100000000)
  eden space 30720K, 99% used [0x00000000eab00000,0x00000000ec8e7d08,0x00000000ec900000)
  from space 15360K, 0% used [0x00000000ed800000,0x00000000ed800000,0x00000000ee700000)
  to   space 15360K, 0% used [0x00000000ec900000,0x00000000ec900000,0x00000000ed800000)
 ParOldGen       total 192000K, used 121387K [0x00000000c0000000, 0x00000000cbb80000, 0x00000000eab00000)
  object space 192000K, 63% used [0x00000000c0000000,0x00000000c768ac88,0x00000000cbb80000)
 Metaspace       used 101998K, committed 103232K, reserved 1179648K
  class space    used 9789K, committed 10368K, reserved 1048576K
}
Event: 14151.703 GC heap after
{Heap after GC invocations=22494 (full 914):
 PSYoungGen      total 43008K, used 12756K [0x00000000eab00000, 0x00000000ee280000, 0x0000000100000000)
  eden space 30208K, 0% used [0x00000000eab00000,0x00000000eab00000,0x00000000ec880000)
  from space 12800K, 99% used [0x00000000ec900000,0x00000000ed5753a8,0x00000000ed580000)
  to   space 13312K, 0% used [0x00000000ed580000,0x00000000ed580000,0x00000000ee280000)
 ParOldGen       total 192000K, used 121387K [0x00000000c0000000, 0x00000000cbb80000, 0x00000000eab00000)
  object space 192000K, 63% used [0x00000000c0000000,0x00000000c768ac88,0x00000000cbb80000)
 Metaspace       used 101998K, committed 103232K, reserved 1179648K
  class space    used 9789K, committed 10368K, reserved 1048576K
}
Event: 14152.939 GC heap before
{Heap before GC invocations=22495 (full 914):
 PSYoungGen      total 43008K, used 42958K [0x00000000eab00000, 0x00000000ee280000, 0x0000000100000000)
  eden space 30208K, 99% used [0x00000000eab00000,0x00000000ec87e698,0x00000000ec880000)
  from space 12800K, 99% used [0x00000000ec900000,0x00000000ed5753a8,0x00000000ed580000)
  to   space 13312K, 0% used [0x00000000ed580000,0x00000000ed580000,0x00000000ee280000)
 ParOldGen       total 192000K, used 121387K [0x00000000c0000000, 0x00000000cbb80000, 0x00000000eab00000)
  object space 192000K, 63% used [0x00000000c0000000,0x00000000c768ac88,0x00000000cbb80000)
 Metaspace       used 101998K, committed 103232K, reserved 1179648K
  class space    used 9789K, committed 10368K, reserved 1048576K
}
Event: 14152.952 GC heap after
{Heap after GC invocations=22495 (full 914):
 PSYoungGen      total 31232K, used 772K [0x00000000eab00000, 0x00000000ed680000, 0x0000000100000000)
  eden space 30208K, 0% used [0x00000000eab00000,0x00000000eab00000,0x00000000ec880000)
  from space 1024K, 75% used [0x00000000ed580000,0x00000000ed641210,0x00000000ed680000)
  to   space 5632K, 0% used [0x00000000ecb80000,0x00000000ecb80000,0x00000000ed100000)
 ParOldGen       total 192000K, used 129968K [0x00000000c0000000, 0x00000000cbb80000, 0x00000000eab00000)
  object space 192000K, 67% used [0x00000000c0000000,0x00000000c7eec2e8,0x00000000cbb80000)
 Metaspace       used 101998K, committed 103232K, reserved 1179648K
  class space    used 9789K, committed 10368K, reserved 1048576K
}
Event: 14153.209 GC heap before
{Heap before GC invocations=22496 (full 914):
 PSYoungGen      total 31232K, used 30915K [0x00000000eab00000, 0x00000000ed680000, 0x0000000100000000)
  eden space 30208K, 99% used [0x00000000eab00000,0x00000000ec86fb80,0x00000000ec880000)
  from space 1024K, 75% used [0x00000000ed580000,0x00000000ed641210,0x00000000ed680000)
  to   space 5632K, 0% used [0x00000000ecb80000,0x00000000ecb80000,0x00000000ed100000)
 ParOldGen       total 192000K, used 129968K [0x00000000c0000000, 0x00000000cbb80000, 0x00000000eab00000)
  object space 192000K, 67% used [0x00000000c0000000,0x00000000c7eec2e8,0x00000000cbb80000)
 Metaspace       used 101998K, committed 103232K, reserved 1179648K
  class space    used 9789K, committed 10368K, reserved 1048576K
}
Event: 14153.215 GC heap after
{Heap after GC invocations=22496 (full 914):
 PSYoungGen      total 35840K, used 5612K [0x00000000eab00000, 0x00000000eee80000, 0x0000000100000000)
  eden space 30208K, 0% used [0x00000000eab00000,0x00000000eab00000,0x00000000ec880000)
  from space 5632K, 99% used [0x00000000ecb80000,0x00000000ed0fb310,0x00000000ed100000)
  to   space 19456K, 0% used [0x00000000edb80000,0x00000000edb80000,0x00000000eee80000)
 ParOldGen       total 192000K, used 140589K [0x00000000c0000000, 0x00000000cbb80000, 0x00000000eab00000)
  object space 192000K, 73% used [0x00000000c0000000,0x00000000c894b790,0x00000000cbb80000)
 Metaspace       used 101998K, committed 103232K, reserved 1179648K
  class space    used 9789K, committed 10368K, reserved 1048576K
}
Event: 14153.229 GC heap before
{Heap before GC invocations=22497 (full 914):
 PSYoungGen      total 35840K, used 35820K [0x00000000eab00000, 0x00000000eee80000, 0x0000000100000000)
  eden space 30208K, 100% used [0x00000000eab00000,0x00000000ec880000,0x00000000ec880000)
  from space 5632K, 99% used [0x00000000ecb80000,0x00000000ed0fb310,0x00000000ed100000)
  to   space 19456K, 0% used [0x00000000edb80000,0x00000000edb80000,0x00000000eee80000)
 ParOldGen       total 192000K, used 140589K [0x00000000c0000000, 0x00000000cbb80000, 0x00000000eab00000)
  object space 192000K, 73% used [0x00000000c0000000,0x00000000c894b790,0x00000000cbb80000)
 Metaspace       used 101998K, committed 103232K, reserved 1179648K
  class space    used 9789K, committed 10368K, reserved 1048576K
}
Event: 14153.236 GC heap after
{Heap after GC invocations=22497 (full 914):
 PSYoungGen      total 48640K, used 17641K [0x00000000eab00000, 0x00000000eed80000, 0x0000000100000000)
  eden space 30208K, 0% used [0x00000000eab00000,0x00000000eab00000,0x00000000ec880000)
  from space 18432K, 95% used [0x00000000edb80000,0x00000000eecba760,0x00000000eed80000)
  to   space 18944K, 0% used [0x00000000ec880000,0x00000000ec880000,0x00000000edb00000)
 ParOldGen       total 192000K, used 144920K [0x00000000c0000000, 0x00000000cbb80000, 0x00000000eab00000)
  object space 192000K, 75% used [0x00000000c0000000,0x00000000c8d862e8,0x00000000cbb80000)
 Metaspace       used 101998K, committed 103232K, reserved 1179648K
  class space    used 9789K, committed 10368K, reserved 1048576K
}
Event: 14157.286 GC heap before
{Heap before GC invocations=22498 (full 914):
 PSYoungGen      total 48640K, used 47849K [0x00000000eab00000, 0x00000000eed80000, 0x0000000100000000)
  eden space 30208K, 100% used [0x00000000eab00000,0x00000000ec880000,0x00000000ec880000)
  from space 18432K, 95% used [0x00000000edb80000,0x00000000eecba760,0x00000000eed80000)
  to   space 18944K, 0% used [0x00000000ec880000,0x00000000ec880000,0x00000000edb00000)
 ParOldGen       total 192000K, used 144920K [0x00000000c0000000, 0x00000000cbb80000, 0x00000000eab00000)
  object space 192000K, 75% used [0x00000000c0000000,0x00000000c8d862e8,0x00000000cbb80000)
 Metaspace       used 101998K, committed 103232K, reserved 1179648K
  class space    used 9789K, committed 10368K, reserved 1048576K
}
Event: 14157.290 GC heap after
{Heap after GC invocations=22498 (full 914):
 PSYoungGen      total 33280K, used 2676K [0x00000000eab00000, 0x00000000edc00000, 0x0000000100000000)
  eden space 30208K, 0% used [0x00000000eab00000,0x00000000eab00000,0x00000000ec880000)
  from space 3072K, 87% used [0x00000000ec880000,0x00000000ecb1d230,0x00000000ecb80000)
  to   space 8704K, 0% used [0x00000000ed380000,0x00000000ed380000,0x00000000edc00000)
 ParOldGen       total 192000K, used 147166K [0x00000000c0000000, 0x00000000cbb80000, 0x00000000eab00000)
  object space 192000K, 76% used [0x00000000c0000000,0x00000000c8fb7918,0x00000000cbb80000)
 Metaspace       used 101998K, committed 103232K, reserved 1179648K
  class space    used 9789K, committed 10368K, reserved 1048576K
}

